<?xml version="1.0" encoding="UTF-8"?>
<testng-results ignored="0" total="1" passed="1" failed="0" skipped="0">
  <reporter-output>
  </reporter-output>
  <suite started-at="2021-03-23T02:18:45 CDT" name="test.AddCustomerTest" finished-at="2021-03-23T02:18:51 CDT" duration-ms="6104">
    <groups>
    </groups>
    <test started-at="2021-03-23T02:18:45 CDT" name="Command line test" finished-at="2021-03-23T02:18:51 CDT" duration-ms="6104">
      <class name="test.AddCustomerTest">
        <test-method signature="addCustomer()[pri:0, instance:test.AddCustomerTest@54eb2b70]" started-at="2021-03-23T02:18:45 CDT" name="addCustomer" finished-at="2021-03-23T02:18:51 CDT" duration-ms="6073" status="PASS">
          <reporter-output>
          </reporter-output>
        </test-method> <!-- addCustomer -->
      </class> <!-- test.AddCustomerTest -->
    </test> <!-- Command line test -->
  </suite> <!-- test.AddCustomerTest -->
</testng-results>
