<?xml version="1.0" encoding="UTF-8"?>
<testng-results ignored="0" total="1" passed="1" failed="0" skipped="0">
  <reporter-output>
  </reporter-output>
  <suite started-at="2021-03-23T02:50:05 CDT" name="Default suite" finished-at="2021-03-23T02:50:11 CDT" duration-ms="5769">
    <groups>
    </groups>
    <test started-at="2021-03-23T02:50:05 CDT" name="Default test" finished-at="2021-03-23T02:50:11 CDT" duration-ms="5769">
      <class name="test.AddCustomerTest">
        <test-method signature="addCustomer()[pri:0, instance:test.AddCustomerTest@62ef27a8]" started-at="2021-03-23T02:50:05 CDT" name="addCustomer" finished-at="2021-03-23T02:50:11 CDT" duration-ms="5733" status="PASS">
          <reporter-output>
          </reporter-output>
        </test-method> <!-- addCustomer -->
      </class> <!-- test.AddCustomerTest -->
    </test> <!-- Default test -->
  </suite> <!-- Default suite -->
</testng-results>
